<?xml version="1.0" encoding="UTF-8"?>
<testng-results ignored="0" total="2" passed="2" failed="0" skipped="0">
  <reporter-output>
  </reporter-output>
  <suite started-at="2021-07-12T10:40:22 IST" name="Suite" finished-at="2021-07-12T10:40:38 IST" duration-ms="15446">
    <groups>
    </groups>
    <test started-at="2021-07-12T10:40:22 IST" name="Chrome" finished-at="2021-07-12T10:40:29 IST" duration-ms="6347">
      <class name="TestClass1">
        <test-method is-config="true" signature="BeforeTest(java.lang.String)[pri:0, instance:TestClass1@242b836]" started-at="2021-07-12T10:40:22 IST" name="BeforeTest" finished-at="2021-07-12T10:40:28 IST" duration-ms="5344" status="PASS">
          <params>
            <param index="0">
              <value>
                <![CDATA[Chrome]]>
              </value>
            </param>
          </params>
          <reporter-output>
          </reporter-output>
        </test-method> <!-- BeforeTest -->
        <test-method is-config="true" signature="setup()[pri:0, instance:TestClass1@242b836]" started-at="2021-07-12T10:40:28 IST" name="setup" finished-at="2021-07-12T10:40:28 IST" duration-ms="20" status="PASS">
          <reporter-output>
          </reporter-output>
        </test-method> <!-- setup -->
        <test-method is-config="true" signature="initialize()[pri:0, instance:TestClass1@242b836]" started-at="2021-07-12T10:40:28 IST" name="initialize" finished-at="2021-07-12T10:40:28 IST" duration-ms="31" status="PASS">
          <reporter-output>
          </reporter-output>
        </test-method> <!-- initialize -->
        <test-method signature="test1(java.lang.String)[pri:0, instance:TestClass1@242b836]" started-at="2021-07-12T10:40:28 IST" name="test1" finished-at="2021-07-12T10:40:28 IST" duration-ms="707" status="PASS">
          <params>
            <param index="0">
              <value>
                <![CDATA[8378998098]]>
              </value>
            </param>
          </params>
          <reporter-output>
          </reporter-output>
        </test-method> <!-- test1 -->
        <test-method is-config="true" signature="tearDown()[pri:0, instance:TestClass1@242b836]" started-at="2021-07-12T10:40:28 IST" name="tearDown" finished-at="2021-07-12T10:40:29 IST" duration-ms="204" status="PASS">
          <reporter-output>
          </reporter-output>
        </test-method> <!-- tearDown -->
      </class> <!-- TestClass1 -->
    </test> <!-- Chrome -->
    <test started-at="2021-07-12T10:40:29 IST" name="MicrosoftEdge" finished-at="2021-07-12T10:40:38 IST" duration-ms="9026">
      <class name="TestClass1">
        <test-method is-config="true" signature="BeforeTest(java.lang.String)[pri:0, instance:TestClass1@3e27aa33]" started-at="2021-07-12T10:40:29 IST" name="BeforeTest" finished-at="2021-07-12T10:40:36 IST" duration-ms="7715" status="PASS">
          <params>
            <param index="0">
              <value>
                <![CDATA[MicrosoftEdge]]>
              </value>
            </param>
          </params>
          <reporter-output>
          </reporter-output>
        </test-method> <!-- BeforeTest -->
        <test-method is-config="true" signature="setup()[pri:0, instance:TestClass1@3e27aa33]" started-at="2021-07-12T10:40:36 IST" name="setup" finished-at="2021-07-12T10:40:36 IST" duration-ms="0" status="PASS">
          <reporter-output>
          </reporter-output>
        </test-method> <!-- setup -->
        <test-method is-config="true" signature="initialize()[pri:0, instance:TestClass1@3e27aa33]" started-at="2021-07-12T10:40:36 IST" name="initialize" finished-at="2021-07-12T10:40:36 IST" duration-ms="1" status="PASS">
          <reporter-output>
          </reporter-output>
        </test-method> <!-- initialize -->
        <test-method signature="test1(java.lang.String)[pri:0, instance:TestClass1@3e27aa33]" started-at="2021-07-12T10:40:36 IST" name="test1" finished-at="2021-07-12T10:40:37 IST" duration-ms="917" status="PASS">
          <params>
            <param index="0">
              <value>
                <![CDATA[8378998098]]>
              </value>
            </param>
          </params>
          <reporter-output>
          </reporter-output>
        </test-method> <!-- test1 -->
        <test-method is-config="true" signature="tearDown()[pri:0, instance:TestClass1@3e27aa33]" started-at="2021-07-12T10:40:37 IST" name="tearDown" finished-at="2021-07-12T10:40:38 IST" duration-ms="388" status="PASS">
          <reporter-output>
          </reporter-output>
        </test-method> <!-- tearDown -->
      </class> <!-- TestClass1 -->
    </test> <!-- MicrosoftEdge -->
  </suite> <!-- Suite -->
</testng-results>
