<?xml version="1.0" encoding="UTF-8"?>
<!-- Generated by org.testng.reporters.JUnitXMLReporter -->
<testsuite ignored="0" hostname="LAPTOP-0J3TV44Q" failures="0" tests="1" name="MicrosoftEgde" time="2.178" errors="0" timestamp="2021-07-10T07:12:17 IST">
  <testcase classname="TestClass1" name="@BeforeTest BeforeTest" time="2.141">
    <failure type="java.lang.NullPointerException" message="Cannot invoke &amp;quot;org.openqa.selenium.WebDriver.manage()&amp;quot; because &amp;quot;this.driver&amp;quot; is null">
      <![CDATA[java.lang.NullPointerException: Cannot invoke "org.openqa.selenium.WebDriver.manage()" because "this.driver" is null
at TestClass1.BeforeTest(TestClass1.java:32)
... Removed 24 stack frames]]>
    </failure>
  </testcase> <!-- @BeforeTest BeforeTest -->
  <testcase classname="TestClass1" name="@AfterTest tearDown" time="-1.625881337271E9">
    <skipped/>
  </testcase> <!-- @AfterTest tearDown -->
  <testcase classname="TestClass1" name="test1" time="0.0">
    <skipped/>
  </testcase> <!-- test1 -->
</testsuite> <!-- MicrosoftEgde -->
